<?xml version="1.0" encoding="UTF-8"?>
<!-- Generated by org.testng.reporters.JUnitReportReporter -->
<testsuite skipped="0" hostname="LAPTOP-B7MQV773" name="AutoTestingFramework.AppTest" tests="2" failures="0" timestamp="2021-12-17T14:30:12 IST" time="0.607" errors="0">
  <testcase name="helloWorld" time="0.001" classname="AutoTestingFramework.AppTest"/>
  <system-out/>
  <testcase name="shouldAnswerWithTrue" time="0.606" classname="AutoTestingFramework.AppTest"/>
  <system-out/>
</testsuite> <!-- AutoTestingFramework.AppTest -->
